
/home/runner/work/exp-advanced-control-flow-iiith/exp-advanced-control-flow-iiith/experiment/simulation/js/advControlFlow.js
   37:5   warning  'model' is not defined  no-undef
   42:5   warning  'model' is not defined  no-undef
   47:7   warning  'view' is not defined   no-undef
   50:7   warning  'view' is not defined   no-undef
   53:7   warning  'view' is not defined   no-undef
   56:7   warning  'view' is not defined   no-undef
   59:7   warning  'view' is not defined   no-undef
   62:7   warning  'view' is not defined   no-undef
   65:7   warning  'view' is not defined   no-undef
   68:7   warning  'view' is not defined   no-undef
   71:7   warning  'view' is not defined   no-undef
   74:7   warning  'view' is not defined   no-undef
   77:7   warning  'view' is not defined   no-undef
  125:10  warning  'i' is not defined      no-undef
  125:17  warning  'i' is not defined      no-undef
  125:38  warning  'i' is not defined      no-undef
  126:20  warning  'i' is not defined      no-undef
  127:35  warning  'i' is not defined      no-undef
  128:38  warning  'i' is not defined      no-undef
  134:10  warning  'i' is not defined      no-undef
  134:17  warning  'i' is not defined      no-undef
  134:38  warning  'i' is not defined      no-undef
  135:33  warning  'i' is not defined      no-undef
  198:36  warning  'model' is not defined  no-undef
  198:50  warning  'model' is not defined  no-undef
  222:9   warning  'model' is not defined  no-undef
  223:19  warning  'model' is not defined  no-undef
  224:7   warning  'model' is not defined  no-undef
  225:37  warning  'model' is not defined  no-undef
  225:48  warning  'model' is not defined  no-undef
  226:7   warning  'model' is not defined  no-undef
  268:9   warning  'model' is not defined  no-undef
  295:13  warning  'model' is not defined  no-undef
  298:11  warning  'model' is not defined  no-undef
  307:36  warning  'model' is not defined  no-undef
  307:56  warning  'model' is not defined  no-undef
  315:17  warning  'model' is not defined  no-undef
  353:9   warning  'model' is not defined  no-undef
  397:23  warning  'model' is not defined  no-undef
  409:3   warning  'view' is not defined   no-undef

/home/runner/work/exp-advanced-control-flow-iiith/exp-advanced-control-flow-iiith/experiment/simulation/js/mobile-detection.js
  293:7   warning  'mobileDetection' is assigned a value but never used  no-unused-vars
  296:38  warning  'module' is not defined                               no-undef
  297:3   warning  'module' is not defined                               no-undef

✖ 43 problems (0 errors, 43 warnings)

